Rendering to 1024x1024 image
Loaded scene with 3 circles
Loaded scene with 3 circles
---------------------------------------------------------
Initializing CUDA for CudaRenderer
Found 1 CUDA devices
Device 0: Tesla T4
   SMs:        40
   Global mem: 14910 MB
   CUDA Cap:   7.5
---------------------------------------------------------
WARNING: You're not running on a fast GPU, please consider using NVIDIA GTX 480, 670 or 780.
---------------------------------------------------------

Running benchmark, 1 frames, beginning at frame 0 ...
Dumping frames to output_xxx.ppm
Copying image data from device
Wrote image file output_0000.ppm
Copying image data from device
***************** Correctness check passed **************************
Clear:    0.1250 ms
Advance:  0.0011 ms
Render:   0.1527 ms
Total:    0.2788 ms
File IO:  73.4415 ms

Overall:  0.0924 sec (note units are seconds)
